[05:18:44] INFO     Loaded run run_dd96fb3c (status: l05_complete)                                                                                                                                                   
           INFO     Syncing pipeline_mode from run: situation_assessment                                                                                                                                             
╭───────────────────────────────────────────────────────────────────────────────────────────────────── Resume ──────────────────────────────────────────────────────────────────────────────────────────────────────╮
│ Resuming: Bloom Energy                                                                                                                                                                                            │
│ Run ID: run_dd96fb3c                                                                                                                                                                                              │
│ Current status: l05_complete                                                                                                                                                                                      │
│ Cost so far: $4.19                                                                                                                                                                                                │
╰───────────────────────────────────────────────────────────────────────────────────────────────────────────────────────────────────────────────────────────────────────────────────────────────────────────────────╯
Running through: L4d: Section Revision

           INFO                                                                                                                                                                                                      
                    ============================================================                                                                                                                                     
           INFO       L1: Parallel Research                                                                                                                                                                          
           INFO     ============================================================                                                                                                                                     
           INFO     [L1] Running 8 agents (max 4 concurrent)...                                                                                                                                                      
           INFO       [l1_agent_01] Starting: BUYER UNIVERSE & PRECEDENT TRANSACTIONS                                                                                                                                
           INFO       [l1_agent_01] Research round 1/3                                                                                                                                                               
           INFO       [l1_agent_02] Starting: CAPITAL STRUCTURE, CONVERTIBLE NOTE MECHANICS & M&A SCENARIO MODELING                                                                                                  
           INFO       [l1_agent_02] Research round 1/3                                                                                                                                                               
           INFO       [l1_agent_03] Starting: BACKLOG QUALITY, CUSTOMER CONCENTRATION & REVENUE DURABILITY                                                                                                           
           INFO       [l1_agent_03] Research round 1/3                                                                                                                                                               
           INFO       [l1_agent_04] Starting: OBBBA/ITC REGULATORY DYNAMICS, FEOC COMPLIANCE & POLITICAL TIMING RISK                                                                                                 
           INFO       [l1_agent_04] Research round 1/3                                                                                                                                                               
